{
  "stats": {
    "suites": 1,
    "tests": 1,
    "passes": 0,
    "pending": 1,
    "failures": 0,
    "start": "2026-05-07T22:15:47.404Z",
    "end": "2026-05-07T22:15:47.487Z",
    "duration": 83,
    "testsRegistered": 1,
    "passPercent": null,
    "pendingPercent": 100,
    "other": 0,
    "hasOther": false,
    "skipped": 0,
    "hasSkipped": false
  },
  "results": [
    {
      "uuid": "a8f45cd4-f415-43be-8a57-6ba912454f25",
      "title": "",
      "fullFile": "cypress\\e2e\\exercicio-e2e.cy.js",
      "file": "cypress\\e2e\\exercicio-e2e.cy.js",
      "beforeHooks": [],
      "afterHooks": [],
      "tests": [],
      "suites": [
        {
          "uuid": "3c18a304-3adf-4bae-b602-784c4f862ab9",
          "title": "Exercicio - Testes End-to-end - Fluxo de pedido",
          "fullFile": "",
          "file": "",
          "beforeHooks": [],
          "afterHooks": [],
          "tests": [
            {
              "title": "Deve fazer um pedido na loja Ebac Shop de ponta a ponta",
              "fullTitle": "Exercicio - Testes End-to-end - Fluxo de pedido Deve fazer um pedido na loja Ebac Shop de ponta a ponta",
              "timedOut": null,
              "duration": 0,
              "state": "pending",
              "speed": null,
              "pass": false,
              "fail": false,
              "pending": true,
              "context": null,
              "code": "cy.login('aluno_ebac@teste.com', 'teste@teste.com');\ncy.visitarProduto('Ingrid Running Jacket');\ncy.addProdutoCarrinho('XS', 'Orange', 1);\ncy.visitarProduto('Augusta Pullover Jacket');\ncy.addProdutoCarrinho('S', 'Blue', 2);\ncy.visitarProduto('Josie Yoga Jacket');\ncy.addProdutoCarrinho('M', 'Black', 3);\ncy.visitarProduto('Stellar Solar Jacket');\ncy.addProdutoCarrinho('L', 'Yellow', 4);\ncy.get('.woocommerce-message > .button').click();\ncy.get('.checkout-button').click();\ncy.get('#terms').click();\ncy.get('#place_order').click();\ncy.get('.woocommerce-order-overview').should('exist');",
              "err": {},
              "uuid": "e7767b5f-c26a-4682-acfe-d1f8b93ebb25",
              "parentUUID": "3c18a304-3adf-4bae-b602-784c4f862ab9",
              "isHook": false,
              "skipped": false
            }
          ],
          "suites": [],
          "passes": [],
          "failures": [],
          "pending": [
            "e7767b5f-c26a-4682-acfe-d1f8b93ebb25"
          ],
          "skipped": [],
          "duration": 0,
          "root": false,
          "rootEmpty": false,
          "_timeout": 2000
        }
      ],
      "passes": [],
      "failures": [],
      "pending": [],
      "skipped": [],
      "duration": 0,
      "root": true,
      "rootEmpty": true,
      "_timeout": 2000
    }
  ],
  "meta": {
    "mocha": {
      "version": "7.0.1"
    },
    "mochawesome": {
      "options": {
        "quiet": true,
        "reportFilename": "mochawesome",
        "saveHtml": false,
        "saveJson": true,
        "consoleReporter": "spec",
        "useInlineDiffs": false,
        "code": true
      },
      "version": "7.1.4"
    },
    "marge": {
      "options": {
        "id": "default",
        "reportDir": "cypress/reports/mocha",
        "quiet": true,
        "overwrite": false,
        "html": false,
        "json": true
      },
      "version": "6.3.2"
    }
  }
}