{
  "stats": {
    "suites": 1,
    "tests": 1,
    "passes": 0,
    "pending": 0,
    "failures": 1,
    "start": "2026-05-06T22:35:33.048Z",
    "end": "2026-05-06T22:36:03.228Z",
    "duration": 30180,
    "testsRegistered": 1,
    "passPercent": 0,
    "pendingPercent": 0,
    "other": 0,
    "hasOther": false,
    "skipped": 0,
    "hasSkipped": false
  },
  "results": [
    {
      "uuid": "e172c9bf-3c13-4f67-a2ed-31c9f88f223b",
      "title": "",
      "fullFile": "cypress\\e2e\\exercicio-e2e.cy.js",
      "file": "cypress\\e2e\\exercicio-e2e.cy.js",
      "beforeHooks": [],
      "afterHooks": [],
      "tests": [],
      "suites": [
        {
          "uuid": "14ccbec2-0bd1-4e02-9b28-d11100d434e7",
          "title": "Exercicio - Testes End-to-end - Fluxo de pedido",
          "fullFile": "",
          "file": "",
          "beforeHooks": [],
          "afterHooks": [],
          "tests": [
            {
              "title": "Deve fazer um pedido na loja Ebac Shop de ponta a ponta",
              "fullTitle": "Exercicio - Testes End-to-end - Fluxo de pedido Deve fazer um pedido na loja Ebac Shop de ponta a ponta",
              "timedOut": null,
              "duration": 30092,
              "state": "failed",
              "speed": null,
              "pass": false,
              "fail": true,
              "pending": false,
              "context": null,
              "code": "cy.login('aluno_ebac@teste.com', 'teste@teste.com');\ncy.visitarProduto('Ingrid Running Jacket');\ncy.addProdutoCarrinho('XS', 'Orange', 1);\ncy.visitarProduto('Augusta Pullover Jacket');\ncy.addProdutoCarrinho('S', 'Blue', 2);\ncy.visitarProduto('Josie Yoga Jacket');\ncy.addProdutoCarrinho('M', 'Black', 3);\ncy.visitarProduto('Stellar Solar Jacket');\ncy.addProdutoCarrinho('L', 'Yellow', 4);\ncy.get('.woocommerce-message > .button').click();\ncy.get('.checkout-button').click();\ncy.get('#terms').click();\ncy.get('#place_order').click();\ncy.get('.woocommerce-order-overview').should('exist');",
              "err": {
                "message": "AssertionError: Timed out retrying after 4000ms: Expected to find element: `.woocommerce-order-overview`, but never found it.",
                "estack": "AssertionError: Timed out retrying after 4000ms: Expected to find element: `.woocommerce-order-overview`, but never found it.\n    at Context.eval (webpack://teste-e2e-ebac/./cypress/e2e/exercicio-e2e.cy.js:31:44)",
                "diff": null
              },
              "uuid": "86bfa9c2-81d1-4061-a4df-0c0181a0aae5",
              "parentUUID": "14ccbec2-0bd1-4e02-9b28-d11100d434e7",
              "isHook": false,
              "skipped": false
            }
          ],
          "suites": [],
          "passes": [],
          "failures": [
            "86bfa9c2-81d1-4061-a4df-0c0181a0aae5"
          ],
          "pending": [],
          "skipped": [],
          "duration": 30092,
          "root": false,
          "rootEmpty": false,
          "_timeout": 2000
        }
      ],
      "passes": [],
      "failures": [],
      "pending": [],
      "skipped": [],
      "duration": 0,
      "root": true,
      "rootEmpty": true,
      "_timeout": 2000
    }
  ],
  "meta": {
    "mocha": {
      "version": "7.2.0"
    },
    "mochawesome": {
      "options": {
        "quiet": true,
        "reportFilename": "mochawesome",
        "saveHtml": false,
        "saveJson": true,
        "consoleReporter": "spec",
        "useInlineDiffs": false,
        "code": true
      },
      "version": "7.1.4"
    },
    "marge": {
      "options": {
        "id": "default",
        "reportDir": "cypress/reports/mocha",
        "quiet": true,
        "overwrite": false,
        "html": false,
        "json": true
      },
      "version": "6.3.2"
    }
  }
}